[23:00:37] [main/INFO]: Environment: authHost='https://authserver.mojang.com', accountsHost='https://api.mojang.com', sessionHost='https://sessionserver.mojang.com', servicesHost='https://api.minecraftservices.com', name='PROD'
[23:00:38] [main/WARN]: Ambiguity between arguments [teleport, location] and [teleport, destination] with inputs: [0.1 -0.5 .9, 0 0 0]
[23:00:38] [main/WARN]: Ambiguity between arguments [teleport, location] and [teleport, targets] with inputs: [0.1 -0.5 .9, 0 0 0]
[23:00:38] [main/WARN]: Ambiguity between arguments [teleport, destination] and [teleport, targets] with inputs: [Player, 0123, @e, dd12be42-52a9-4a91-a8a1-11c01849e498]
[23:00:38] [main/WARN]: Ambiguity between arguments [teleport, targets] and [teleport, destination] with inputs: [Player, 0123, dd12be42-52a9-4a91-a8a1-11c01849e498]
[23:00:38] [main/WARN]: Ambiguity between arguments [teleport, targets, location] and [teleport, targets, destination] with inputs: [0.1 -0.5 .9, 0 0 0]
[23:00:38] [main/INFO]: Reloading ResourceManager: Default
[23:00:39] [Worker-Main-10/INFO]: Loaded 7 recipes
[23:00:40] [Worker-Main-10/INFO]: Loaded 1137 advancements
[23:00:42] [Server thread/INFO]: Starting minecraft server version 1.17
[23:00:42] [Server thread/INFO]: Loading properties
[23:00:42] [Server thread/INFO]: Default game type: SURVIVAL
[23:00:42] [Server thread/INFO]: Generating keypair
[23:00:43] [Server thread/INFO]: Starting Minecraft server on *:25565
[23:00:43] [Server thread/INFO]: Using epoll channel type
[23:00:43] [Server thread/INFO]: Preparing level "world"
[23:00:50] [Server thread/INFO]: Preparing start region for dimension minecraft:overworld
[23:00:51] [Worker-Main-14/INFO]: Preparing spawn area: 0%
[23:00:51] [Worker-Main-8/INFO]: Preparing spawn area: 0%
[23:00:51] [Worker-Main-12/INFO]: Preparing spawn area: 0%
[23:00:52] [Worker-Main-14/INFO]: Preparing spawn area: 0%
[23:00:52] [Worker-Main-9/INFO]: Preparing spawn area: 0%
[23:00:53] [Worker-Main-12/INFO]: Preparing spawn area: 0%
[23:00:53] [Worker-Main-11/INFO]: Preparing spawn area: 0%
[23:00:54] [Worker-Main-13/INFO]: Preparing spawn area: 1%
[23:00:54] [Worker-Main-12/INFO]: Preparing spawn area: 1%
[23:00:55] [Worker-Main-9/INFO]: Preparing spawn area: 1%
[23:00:55] [Worker-Main-11/INFO]: Preparing spawn area: 2%
[23:00:56] [Worker-Main-10/INFO]: Preparing spawn area: 3%
[23:00:56] [Worker-Main-11/INFO]: Preparing spawn area: 3%
[23:00:57] [Worker-Main-13/INFO]: Preparing spawn area: 3%
[23:00:57] [Worker-Main-13/INFO]: Preparing spawn area: 3%
[23:00:58] [Worker-Main-13/INFO]: Preparing spawn area: 3%
[23:00:58] [Worker-Main-11/INFO]: Preparing spawn area: 3%
[23:00:59] [Worker-Main-13/INFO]: Preparing spawn area: 3%
[23:00:59] [Worker-Main-8/INFO]: Preparing spawn area: 5%
[23:01:00] [Worker-Main-12/INFO]: Preparing spawn area: 5%
[23:01:00] [Worker-Main-14/INFO]: Preparing spawn area: 5%
[23:01:01] [Worker-Main-8/INFO]: Preparing spawn area: 5%
[23:01:01] [Worker-Main-13/INFO]: Preparing spawn area: 6%
[23:01:02] [Worker-Main-11/INFO]: Preparing spawn area: 7%
[23:01:02] [Worker-Main-14/INFO]: Preparing spawn area: 8%
[23:01:03] [Worker-Main-13/INFO]: Preparing spawn area: 8%
[23:01:03] [Worker-Main-9/INFO]: Preparing spawn area: 8%
[23:01:04] [Worker-Main-9/INFO]: Preparing spawn area: 10%
[23:01:04] [Worker-Main-10/INFO]: Preparing spawn area: 10%
[23:01:05] [Worker-Main-13/INFO]: Preparing spawn area: 11%
[23:01:05] [Worker-Main-9/INFO]: Preparing spawn area: 12%
[23:01:06] [Worker-Main-14/INFO]: Preparing spawn area: 12%
[23:01:06] [Worker-Main-10/INFO]: Preparing spawn area: 12%
[23:01:07] [Worker-Main-13/INFO]: Preparing spawn area: 15%
[23:01:07] [Worker-Main-12/INFO]: Preparing spawn area: 16%
[23:01:08] [Worker-Main-14/INFO]: Preparing spawn area: 16%
[23:01:08] [Worker-Main-14/INFO]: Preparing spawn area: 17%
[23:01:09] [Worker-Main-11/INFO]: Preparing spawn area: 17%
[23:01:09] [Worker-Main-11/INFO]: Preparing spawn area: 18%
[23:01:10] [Worker-Main-8/INFO]: Preparing spawn area: 18%
[23:01:10] [Worker-Main-14/INFO]: Preparing spawn area: 18%
[23:01:11] [Worker-Main-14/INFO]: Preparing spawn area: 21%
[23:01:11] [Worker-Main-11/INFO]: Preparing spawn area: 21%
[23:01:12] [Worker-Main-12/INFO]: Preparing spawn area: 21%
[23:01:12] [Worker-Main-13/INFO]: Preparing spawn area: 23%
[23:01:13] [Worker-Main-14/INFO]: Preparing spawn area: 26%
[23:01:13] [Worker-Main-10/INFO]: Preparing spawn area: 29%
[23:01:14] [Worker-Main-10/INFO]: Preparing spawn area: 33%
[23:01:14] [Worker-Main-11/INFO]: Preparing spawn area: 36%
[23:01:15] [Worker-Main-10/INFO]: Preparing spawn area: 39%
[23:01:15] [Worker-Main-10/INFO]: Preparing spawn area: 43%
[23:01:16] [Worker-Main-13/INFO]: Preparing spawn area: 46%
[23:01:16] [Worker-Main-14/INFO]: Preparing spawn area: 49%
[23:01:17] [Worker-Main-14/INFO]: Preparing spawn area: 54%
[23:01:17] [Worker-Main-14/INFO]: Preparing spawn area: 56%
[23:01:18] [Worker-Main-12/INFO]: Preparing spawn area: 59%
[23:01:18] [Worker-Main-13/INFO]: Preparing spawn area: 62%
[23:01:19] [Worker-Main-9/INFO]: Preparing spawn area: 67%
[23:01:19] [Worker-Main-11/INFO]: Preparing spawn area: 70%
[23:01:20] [Worker-Main-12/INFO]: Preparing spawn area: 72%
[23:01:20] [Worker-Main-14/INFO]: Preparing spawn area: 76%
[23:01:21] [Worker-Main-12/INFO]: Preparing spawn area: 81%
[23:01:21] [Worker-Main-14/INFO]: Preparing spawn area: 85%
[23:01:22] [Worker-Main-8/INFO]: Preparing spawn area: 88%
[23:01:22] [Worker-Main-13/INFO]: Preparing spawn area: 91%
[23:01:23] [Worker-Main-8/INFO]: Preparing spawn area: 94%
[23:01:23] [Worker-Main-9/INFO]: Preparing spawn area: 99%
[23:01:23] [Server thread/INFO]: Time elapsed: 33075 ms
[23:01:23] [Server thread/INFO]: Done (40.144s)! For help, type "help"
[23:01:23] [Server thread/INFO]: Stopping the server
[23:01:23] [Server thread/INFO]: Stopping server
[23:01:23] [Server thread/INFO]: Saving players
[23:01:23] [Server thread/INFO]: Saving worlds
[23:01:23] [Server thread/INFO]: Saving chunks for level 'ServerLevel[world]'/minecraft:overworld
[23:02:10] [Server thread/INFO]: ThreadedAnvilChunkStorage (world): All chunks are saved
[23:02:10] [Server thread/INFO]: Saving chunks for level 'ServerLevel[world]'/minecraft:the_nether
[23:02:10] [Server thread/INFO]: ThreadedAnvilChunkStorage (DIM-1): All chunks are saved
[23:02:10] [Server thread/INFO]: Saving chunks for level 'ServerLevel[world]'/minecraft:the_end
[23:02:10] [Server thread/INFO]: ThreadedAnvilChunkStorage (DIM1): All chunks are saved
[23:02:11] [Server thread/INFO]: ThreadedAnvilChunkStorage (world): All chunks are saved
[23:02:12] [Server thread/INFO]: ThreadedAnvilChunkStorage (DIM-1): All chunks are saved
[23:02:12] [Server thread/INFO]: ThreadedAnvilChunkStorage (DIM1): All chunks are saved
